<?xml version="1.0" encoding="UTF-8"?>
<!-- Generated by org.testng.reporters.JUnitReportReporter -->
<testsuite hostname="ICPL12348" name="com.qmetry.qaf.automation.step.client.DataDrivenScenario" tests="6" failures="0" timestamp="19 Feb 2018 18:48:16 GMT" time="145.817" errors="2">
  <testcase name="Getting Data from Excel" time="1.905" classname="com.qmetry.qaf.automation.step.client.DataDrivenScenario"/>
  <testcase name="Searching image location from CSV by Quantum Steps" time="28.806" classname="com.qmetry.qaf.automation.step.client.DataDrivenScenario">
    <error type="com.qmetry.qaf.automation.step.StepNotFoundException" message="Then I take a screenshot@src/main/resources/scenarios/differentImplementation/imageVerificationOCR.feature#18 TestStep implementation not found. 
 Please provide implementation or ensure &#039;step.provider.pkg&#039; property value includes appropriate package.">
      <![CDATA[com.qmetry.qaf.automation.step.StepNotFoundException: Then I take a screenshot@src/main/resources/scenarios/differentImplementation/imageVerificationOCR.feature#18 TestStep implementation not found. 
 Please provide implementation or ensure 'step.provider.pkg' property value includes appropriate package.
	at .Then I take a screenshot(src/main/resources/scenarios/differentImplementation/imageVerificationOCR.feature:18)
]]>
    </error>
  </testcase> <!-- Searching image location from CSV by Quantum Steps -->
  <testcase name="Searching image location from CSV by Custom Steps" time="42.219" classname="com.qmetry.qaf.automation.step.client.DataDrivenScenario"/>
  <testcase name="Getting Data from Excel" time="0.728" classname="com.qmetry.qaf.automation.step.client.DataDrivenScenario"/>
  <testcase name="Searching image location from CSV by Custom Steps" time="42.743" classname="com.qmetry.qaf.automation.step.client.DataDrivenScenario"/>
  <testcase name="Searching image location from CSV by Quantum Steps" time="29.416" classname="com.qmetry.qaf.automation.step.client.DataDrivenScenario">
    <error type="com.qmetry.qaf.automation.step.StepNotFoundException" message="Then I take a screenshot@src/main/resources/scenarios/differentImplementation/imageVerificationOCR.feature#18 TestStep implementation not found. 
 Please provide implementation or ensure &#039;step.provider.pkg&#039; property value includes appropriate package.">
      <![CDATA[com.qmetry.qaf.automation.step.StepNotFoundException: Then I take a screenshot@src/main/resources/scenarios/differentImplementation/imageVerificationOCR.feature#18 TestStep implementation not found. 
 Please provide implementation or ensure 'step.provider.pkg' property value includes appropriate package.
	at .Then I take a screenshot(src/main/resources/scenarios/differentImplementation/imageVerificationOCR.feature:18)
]]>
    </error>
  </testcase> <!-- Searching image location from CSV by Quantum Steps -->
</testsuite> <!-- com.qmetry.qaf.automation.step.client.DataDrivenScenario -->
