<?xml version="1.0" encoding="UTF-8"?>
<!-- Generated by org.testng.reporters.JUnitReportReporter -->
<testsuite name="com.qmetry.qaf.automation.step.client.Scenario" tests="1" time="53.045" ignored="7" failures="0" timestamp="23 Nov 2017 19:46:06 GMT" skipped="0" hostname="ICPL12348" errors="1">
  <testcase name="scenario" time="53.045" classname="com.qmetry.qaf.automation.step.client.Scenario">
    <error type="org.openqa.selenium.TimeoutException" message="Timed out after 15 seconds waiting for presence of element located by: By.xpath: //*[@name=&#039;btn.TVChannel&#039; or @id=&#039;btn.TVChannel&#039; or @value=&#039;btn.TVChannel&#039;]
Build info: version: &#039;2.53.1&#039;, revision: &#039;a36b8b1cd5757287168e54b817830adce9b0158d&#039;, time: &#039;2016-06-30 19:26:09&#039;
System info: host: &#039;ICPL12348&#039;, ip: &#039;192.168.2.13&#039;, os.name: &#039;Windows 8.1&#039;, os.arch: &#039;amd64&#039;, os.version: &#039;6.3&#039;, java.version: &#039;1.8.0_121&#039;
Driver info: driver.version: QAFExtendedWebDriver">
      <![CDATA[org.openqa.selenium.TimeoutException: Timed out after 15 seconds waiting for presence of element located by: By.xpath: //*[@name='btn.TVChannel' or @id='btn.TVChannel' or @value='btn.TVChannel']
Build info: version: '2.53.1', revision: 'a36b8b1cd5757287168e54b817830adce9b0158d', time: '2016-06-30 19:26:09'
System info: host: 'ICPL12348', ip: '192.168.2.13', os.name: 'Windows 8.1', os.arch: 'amd64', os.version: '6.3', java.version: '1.8.0_121'
Driver info: driver.version: QAFExtendedWebDriver
	at .Then I click on "btn.TVChannel"(src/main/resources/scenarios/differentImplementation/BTTV_IphoneDeviceLaunch.feature:10)
	at org.openqa.selenium.support.ui.FluentWait.timeoutException(FluentWait.java:292)
	at org.openqa.selenium.support.ui.FluentWait.until(FluentWait.java:261)
	at com.qmetry.qaf.automation.ui.webdriver.QAFExtendedWebDriver.load(QAFExtendedWebDriver.java:214)
	at com.qmetry.qaf.automation.ui.webdriver.QAFExtendedWebElement.load(QAFExtendedWebElement.java:284)
	at com.qmetry.qaf.automation.ui.webdriver.QAFExtendedWebElement.execute(QAFExtendedWebElement.java:239)
	at org.openqa.selenium.remote.RemoteWebElement.click(RemoteWebElement.java:85)
	at com.qmetry.qaf.automation.step.CommonStep.click_aroundBody48(CommonStep.java:611)
	at com.qmetry.qaf.automation.step.JavaStepReporter.javaTestStep(JavaStepReporter.java:101)
	at com.qmetry.qaf.automation.step.CommonStep.click(CommonStep.java:610)
	at com.quantum.steps.PerfectoApplicationSteps.iClick(PerfectoApplicationSteps.java:242)
	at com.qmetry.qaf.automation.step.JavaStep.doExecute(JavaStep.java:155)
	at com.qmetry.qaf.automation.step.BaseTestStep.execute(BaseTestStep.java:149)
	at com.qmetry.qaf.automation.step.StringTestStep.execute(StringTestStep.java:134)
	at com.qmetry.qaf.automation.step.client.Scenario.execute(Scenario.java:167)
	at com.qmetry.qaf.automation.step.client.Scenario.scenario(Scenario.java:219)
	at java.util.concurrent.FutureTask.run(FutureTask.java:266)
	at java.util.concurrent.ThreadPoolExecutor.runWorker(ThreadPoolExecutor.java:1142)
	at java.util.concurrent.ThreadPoolExecutor$Worker.run(ThreadPoolExecutor.java:617)
	at java.lang.Thread.run(Thread.java:745)
Caused by: org.openqa.selenium.NoSuchElementException: An element could not be located on the page using the given search parameters. (WARNING: The server did not provide any stacktrace information)
Command duration or timeout: 1.91 seconds
For documentation on this error, please visit: http://seleniumhq.org/exceptions/no_such_element.html
Build info: version: '3.4.0', revision: 'unknown', time: 'unknown'
System info: host: '141ede320fc6', ip: '172.18.0.4', os.name: 'Linux', os.arch: 'amd64', os.version: '4.4.0-47-generic', java.version: '1.8.0_102'
Driver info: io.appium.java_client.ios.IOSDriver
Capabilities [{reportPdfUrl=https://bttv.reporting.perfectomobile.com/export/api/v1/test-executions/pdf?externalId[0]=kingshukn@perfectomobile.com_RemoteWebDriver_17-11-23_19_44_05_14262&_timestamp[0]=1511466245533, eclipseExecutionId=kingshukn@perfectomobile.com_Eclipse_17-11-23_19_03_51_14008, deviceName=9BA07417C0FC6820A12EE8A0CAC76B767EEA35E7, platform=MAC, password=, driverClass=io.appium.java_client.ios.IOSDriver, webStorageEnabled=false, automationName=XCUITest, host=bttv.perfectomobile.com, singleTestReportUrl=https://bttv.reporting.perfectomobile.com?externalId[0]=kingshukn@perfectomobile.com_RemoteWebDriver_17-11-23_19_44_05_14262&_timestamp[0]=1511466245533, browserName=, takesScreenshot=true, javascriptEnabled=true, platformName=iOS, networkConnectionEnabled=false, testGridReportUrl=https://bttv.reporting.perfectomobile.com?externalId[0]=kingshukn@perfectomobile.com_RemoteWebDriver_17-11-23_19_44_05_14262&_timestamp[0]=1511466245533, entityType=remote_web_driver, xcuitestFindOptimizations=true, bundleId=com.apple.mobilesafari, databaseEnabled=false, serverConnector=, securityToken=, executionId=kingshukn@perfectomobile.com_RemoteWebDriver_17-11-23_19_44_05_14262, locationContextEnabled=false, scriptName=RemoteWebDriver, reportKey=kingshukn@perfectomobile.com_RemoteWebDriver_17-11-23_19_44_05_14262, windTunnelReportUrl=https://bttv.reporting.perfectomobile.com?externalId[0]=kingshukn@perfectomobile.com_RemoteWebDriver_17-11-23_19_44_05_14262&_timestamp[0]=1511466245533, user=, cssSelectorsEnabled=true}]
Session ID: 9aa275b2-193c-4407-9d67-743bf889c5fa
*** Element info: {Using=xpath, value=//*[@name='btn.TVChannel' or @id='btn.TVChannel' or @value='btn.TVChannel']}
Command duration or timeout: 2.25 seconds
For documentation on this error, please visit: http://seleniumhq.org/exceptions/no_such_element.html
Build info: version: '2.53.1', revision: 'a36b8b1cd5757287168e54b817830adce9b0158d', time: '2016-06-30 19:26:09'
System info: host: 'ICPL12348', ip: '192.168.2.13', os.name: 'Windows 8.1', os.arch: 'amd64', os.version: '6.3', java.version: '1.8.0_121'
Driver info: com.qmetry.qaf.automation.ui.webdriver.QAFExtendedWebDriver
Capabilities [{reportPdfUrl=https://bttv.reporting.perfectomobile.com/export/api/v1/test-executions/pdf?externalId[0]=kingshukn@perfectomobile.com_RemoteWebDriver_17-11-23_19_44_05_14262&_timestamp[0]=1511466245533, eclipseExecutionId=kingshukn@perfectomobile.com_Eclipse_17-11-23_19_03_51_14008, available=false, language=English, deviceName=9BA07417C0FC6820A12EE8A0CAC76B767EEA35E7, deviceId=9BA07417C0FC6820A12EE8A0CAC76B767EEA35E7, resolution=640x1136, platform=ANY, wifiMacAddress=ac:bc:32:1a:3f:bb, manufacturer=Apple, mode=CONNECTED, password=, cradleId=UK-P20-09/VIRTUAL/02, osVersion=11.0.2, driverClass=io.appium.java_client.ios.IOSDriver, automationName=XCUITest, host=bttv.perfectomobile.com, singleTestReportUrl=https://bttv.reporting.perfectomobile.com?externalId[0]=kingshukn@perfectomobile.com_RemoteWebDriver_17-11-23_19_44_05_14262&_timestamp[0]=1511466245533, inUse=true, takesScreenshot=true, javascriptEnabled=true, model=iPod Touch6, platformName=iOS, firmware=11.0.2, rotatable=true, testGridReportUrl=https://bttv.reporting.perfectomobile.com?externalId[0]=kingshukn@perfectomobile.com_RemoteWebDriver_17-11-23_19_44_05_14262&_timestamp[0]=1511466245533, os=iOS, entityType=remote_web_driver, xcuitestFindOptimizations=true, allocatedTo=kingshukn@perfectomobile.com, bundleId=com.apple.mobilesafari, serverConnector=, securityToken=, executionId=kingshukn@perfectomobile.com_RemoteWebDriver_17-11-23_19_44_05_14262, webdriver.remote.sessionid=21bcd016-39fb-4858-b0c3-4d9949b98f17, locationContextEnabled=true, scriptName=RemoteWebDriver, location=EU-UK-LON, linkType=lab, reportKey=kingshukn@perfectomobile.com_RemoteWebDriver_17-11-23_19_44_05_14262, windTunnelReportUrl=https://bttv.reporting.perfectomobile.com?externalId[0]=kingshukn@perfectomobile.com_RemoteWebDriver_17-11-23_19_44_05_14262&_timestamp[0]=1511466245533, user=, operabilityRatingScore=100, cssSelectorsEnabled=true, status=Connected}]
Session ID: 21bcd016-39fb-4858-b0c3-4d9949b98f17
*** Element info: {Using=xpath, value=//*[@name='btn.TVChannel' or @id='btn.TVChannel' or @value='btn.TVChannel']}
	at sun.reflect.NativeConstructorAccessorImpl.newInstance0(Native Method)
	at sun.reflect.NativeConstructorAccessorImpl.newInstance(NativeConstructorAccessorImpl.java:62)
	at sun.reflect.DelegatingConstructorAccessorImpl.newInstance(DelegatingConstructorAccessorImpl.java:45)
	at java.lang.reflect.Constructor.newInstance(Constructor.java:423)
	at org.openqa.selenium.remote.ErrorHandler.createThrowable(ErrorHandler.java:206)
	at org.openqa.selenium.remote.ErrorHandler.throwIfResponseFailed(ErrorHandler.java:158)
	at org.openqa.selenium.remote.RemoteWebDriver.execute(RemoteWebDriver.java:678)
	at com.qmetry.qaf.automation.ui.webdriver.QAFExtendedWebDriver.execute(QAFExtendedWebDriver.java:234)
	at org.openqa.selenium.remote.RemoteWebDriver.findElement(RemoteWebDriver.java:363)
	at org.openqa.selenium.remote.RemoteWebDriver.findElementByXPath(RemoteWebDriver.java:500)
	at com.qmetry.qaf.automation.ui.webdriver.QAFExtendedWebDriver.findElementByXPath(QAFExtendedWebDriver.java:398)
	at com.qmetry.qaf.automation.ui.webdriver.QAFExtendedWebDriver.findElementByXPath(QAFExtendedWebDriver.java:1)
	at org.openqa.selenium.By$ByXPath.findElement(By.java:361)
	at org.openqa.selenium.remote.RemoteWebDriver.findElement(RemoteWebDriver.java:355)
	at com.qmetry.qaf.automation.ui.webdriver.QAFExtendedWebDriver.findElement(QAFExtendedWebDriver.java:169)
	at com.qmetry.qaf.automation.ui.webdriver.QAFExtendedWebDriver.findElement(QAFExtendedWebDriver.java:1)
	at org.openqa.selenium.support.ui.ExpectedConditions.findElement(ExpectedConditions.java:899)
	at org.openqa.selenium.support.ui.ExpectedConditions.access$000(ExpectedConditions.java:41)
	at org.openqa.selenium.support.ui.ExpectedConditions$6.apply(ExpectedConditions.java:181)
	at org.openqa.selenium.support.ui.ExpectedConditions$6.apply(ExpectedConditions.java:178)
	at org.openqa.selenium.support.ui.FluentWait.until(FluentWait.java:238)
	at com.qmetry.qaf.automation.ui.webdriver.QAFExtendedWebDriver.load(QAFExtendedWebDriver.java:214)
	at com.qmetry.qaf.automation.ui.webdriver.QAFExtendedWebElement.load(QAFExtendedWebElement.java:284)
	at com.qmetry.qaf.automation.ui.webdriver.QAFExtendedWebElement.execute(QAFExtendedWebElement.java:239)
	at org.openqa.selenium.remote.RemoteWebElement.click(RemoteWebElement.java:85)
	at com.qmetry.qaf.automation.step.CommonStep.click_aroundBody48(CommonStep.java:611)
	at com.qmetry.qaf.automation.step.CommonStep$AjcClosure49.run(CommonStep.java:1)
	at org.aspectj.runtime.reflect.JoinPointImpl.proceed(JoinPointImpl.java:149)
	at com.qmetry.qaf.automation.step.JavaStepReporter.javaTestStep(JavaStepReporter.java:101)
	at com.qmetry.qaf.automation.step.CommonStep.click(CommonStep.java:610)
	at com.quantum.steps.PerfectoApplicationSteps.iClick(PerfectoApplicationSteps.java:242)
	at sun.reflect.NativeMethodAccessorImpl.invoke0(Native Method)
	at sun.reflect.NativeMethodAccessorImpl.invoke(NativeMethodAccessorImpl.java:62)
	at sun.reflect.DelegatingMethodAccessorImpl.invoke(DelegatingMethodAccessorImpl.java:43)
	at java.lang.reflect.Method.invoke(Method.java:498)
	at com.qmetry.qaf.automation.step.JavaStep.doExecute(JavaStep.java:155)
	at com.qmetry.qaf.automation.step.BaseTestStep.execute(BaseTestStep.java:149)
	at com.qmetry.qaf.automation.step.StringTestStep.execute(StringTestStep.java:134)
	at com.qmetry.qaf.automation.step.client.Scenario.execute(Scenario.java:167)
	at com.qmetry.qaf.automation.step.client.Scenario.scenario(Scenario.java:219)
	at sun.reflect.NativeMethodAccessorImpl.invoke0(Native Method)
	at sun.reflect.NativeMethodAccessorImpl.invoke(NativeMethodAccessorImpl.java:62)
	at sun.reflect.DelegatingMethodAccessorImpl.invoke(DelegatingMethodAccessorImpl.java:43)
	at java.lang.reflect.Method.invoke(Method.java:498)
	at org.testng.internal.MethodInvocationHelper.invokeMethod(MethodInvocationHelper.java:104)
	at org.testng.internal.Invoker.invokeMethod(Invoker.java:645)
	at org.testng.internal.Invoker.invokeTestMethod(Invoker.java:851)
	at org.testng.internal.Invoker.invokeTestMethods(Invoker.java:1177)
	at org.testng.internal.TestMethodWorker.invokeTestMethods(TestMethodWorker.java:129)
	at org.testng.internal.TestMethodWorker.run(TestMethodWorker.java:112)
	at org.testng.TestRunner.privateRun(TestRunner.java:756)
	at org.testng.TestRunner.run(TestRunner.java:610)
	at org.testng.SuiteRunner.runTest(SuiteRunner.java:387)
	at org.testng.SuiteRunner.access$000(SuiteRunner.java:39)
	at org.testng.SuiteRunner$SuiteWorker.run(SuiteRunner.java:421)
	at org.testng.internal.thread.ThreadUtil$2.call(ThreadUtil.java:64)
	... 4 more
Caused by: org.openqa.selenium.NoSuchElementException: An element could not be located on the page using the given search parameters. (WARNING: The server did not provide any stacktrace information)
Command duration or timeout: 1.91 seconds
For documentation on this error, please visit: http://seleniumhq.org/exceptions/no_such_element.html
Build info: version: '3.4.0', revision: 'unknown', time: 'unknown'
System info: host: '141ede320fc6', ip: '172.18.0.4', os.name: 'Linux', os.arch: 'amd64', os.version: '4.4.0-47-generic', java.version: '1.8.0_102'
Driver info: io.appium.java_client.ios.IOSDriver
Capabilities [{reportPdfUrl=https://bttv.reporting.perfectomobile.com/export/api/v1/test-executions/pdf?externalId[0]=kingshukn@perfectomobile.com_RemoteWebDriver_17-11-23_19_44_05_14262&_timestamp[0]=1511466245533, eclipseExecutionId=kingshukn@perfectomobile.com_Eclipse_17-11-23_19_03_51_14008, deviceName=9BA07417C0FC6820A12EE8A0CAC76B767EEA35E7, platform=MAC, password=, driverClass=io.appium.java_client.ios.IOSDriver, webStorageEnabled=false, automationName=XCUITest, host=bttv.perfectomobile.com, singleTestReportUrl=https://bttv.reporting.perfectomobile.com?externalId[0]=kingshukn@perfectomobile.com_RemoteWebDriver_17-11-23_19_44_05_14262&_timestamp[0]=1511466245533, browserName=, takesScreenshot=true, javascriptEnabled=true, platformName=iOS, networkConnectionEnabled=false, testGridReportUrl=https://bttv.reporting.perfectomobile.com?externalId[0]=kingshukn@perfectomobile.com_RemoteWebDriver_17-11-23_19_44_05_14262&_timestamp[0]=1511466245533, entityType=remote_web_driver, xcuitestFindOptimizations=true, bundleId=com.apple.mobilesafari, databaseEnabled=false, serverConnector=, securityToken=, executionId=kingshukn@perfectomobile.com_RemoteWebDriver_17-11-23_19_44_05_14262, locationContextEnabled=false, scriptName=RemoteWebDriver, reportKey=kingshukn@perfectomobile.com_RemoteWebDriver_17-11-23_19_44_05_14262, windTunnelReportUrl=https://bttv.reporting.perfectomobile.com?externalId[0]=kingshukn@perfectomobile.com_RemoteWebDriver_17-11-23_19_44_05_14262&_timestamp[0]=1511466245533, user=, cssSelectorsEnabled=true}]
Session ID: 9aa275b2-193c-4407-9d67-743bf889c5fa
*** Element info: {Using=xpath, value=//*[@name='btn.TVChannel' or @id='btn.TVChannel' or @value='btn.TVChannel']}
For documentation on this error, please visit: http://seleniumhq.org/exceptions/no_such_element.html
Build info: version: '2.53.1', revision: 'a36b8b1cd5757287168e54b817830adce9b0158d', time: '2016-06-30 19:26:09'
System info: host: 'ICPL12348', ip: '192.168.2.13', os.name: 'Windows 8.1', os.arch: 'amd64', os.version: '6.3', java.version: '1.8.0_121'
Driver info: driver.version: IOSDriver
	at sun.reflect.GeneratedConstructorAccessor3455.newInstance(Unknown Source)
	at sun.reflect.DelegatingConstructorAccessorImpl.newInstance(DelegatingConstructorAccessorImpl.java:45)
	at java.lang.reflect.Constructor.newInstance(Constructor.java:423)
	at org.openqa.selenium.remote.ErrorHandler.createThrowable(ErrorHandler.java:215)
	at org.openqa.selenium.remote.ErrorHandler.throwIfResponseFailed(ErrorHandler.java:167)
	at org.openqa.selenium.remote.RemoteWebDriver.execute(RemoteWebDriver.java:671)
	at io.appium.java_client.DefaultGenericMobileDriver.execute(DefaultGenericMobileDriver.java:42)
	at io.appium.java_client.AppiumDriver.execute(AppiumDriver.java:1)
	at io.appium.java_client.ios.IOSDriver.execute(IOSDriver.java:1)
	at org.openqa.selenium.remote.RemoteWebDriver.findElement(RemoteWebDriver.java:410)
	at io.appium.java_client.DefaultGenericMobileDriver.findElement(DefaultGenericMobileDriver.java:62)
	at io.appium.java_client.AppiumDriver.findElement(AppiumDriver.java:1)
	at io.appium.java_client.ios.IOSDriver.findElement(IOSDriver.java:1)
	at org.openqa.selenium.remote.RemoteWebDriver.findElementByXPath(RemoteWebDriver.java:509)
	at io.appium.java_client.DefaultGenericMobileDriver.findElementByXPath(DefaultGenericMobileDriver.java:140)
	at io.appium.java_client.AppiumDriver.findElementByXPath(AppiumDriver.java:1)
	at io.appium.java_client.ios.IOSDriver.findElementByXPath(IOSDriver.java:1)
	at org.openqa.selenium.By$ByXPath.findElement(By.java:361)
	at org.openqa.selenium.remote.RemoteWebDriver.findElement(RemoteWebDriver.java:402)
	at io.appium.java_client.DefaultGenericMobileDriver.findElement(DefaultGenericMobileDriver.java:58)
	at io.appium.java_client.AppiumDriver.findElement(AppiumDriver.java:1)
	at io.appium.java_client.ios.IOSDriver.findElement(IOSDriver.java:1)
	at com.perfectomobile.selenium.server.appium.AppiumDriverWrapper$24.call(AppiumDriverWrapper.java:549)
	at com.nexperience.function.execute.ExecuteCallableCommand.process(ExecuteCallableCommand.java:30)
	at com.nexperience.engine.script.command.AbstractScriptCommand.doExecute(AbstractScriptCommand.java:173)
	at com.nexperience.engine.script.command.ScriptCommandBase.execute(ScriptCommandBase.java:106)
	at com.nexperience.engine.script.tcl.event.CommandTclEvent.processEvent(CommandTclEvent.java:43)
	at com.nexperience.engine.script.tcl.event.MaseTclEvent.processEvent(MaseTclEvent.java:56)
	at tcl.lang.Notifier.serviceEvent(Notifier.java:457)
	at tcl.lang.Notifier.doOneEvent(Notifier.java:610)
	at tcl.lang.Notifier.processTclEvents(Notifier.java:786)
	at com.nexperience.engine.script.tcl.event.TclEventProcessor.start(TclEventProcessor.java:78)
	at com.nexperience.engine.script.tcl.TclInterpreter.startEventProcessing(TclInterpreter.java:550)
	at com.nexperience.engine.script.execution.step.StepExecutionEventProcessor.callImpl(StepExecutionEventProcessor.java:85)
	at com.nexperience.engine.script.execution.step.StepExecutionEventProcessor.callImpl(StepExecutionEventProcessor.java:21)
	at com.nexperience.util.thread.WrappedCallable.call(WrappedCallable.java:31)
	... 4 more
]]>
    </error>
  </testcase> <!-- scenario -->
  <testcase name="scenario" classname="com.qmetry.qaf.automation.step.client.DataDrivenScenario">
    <skipped/>
  </testcase> <!-- scenario -->
  <testcase name="scenario" classname="com.qmetry.qaf.automation.step.client.DataDrivenScenario">
    <skipped/>
  </testcase> <!-- scenario -->
  <testcase name="scenario" classname="com.qmetry.qaf.automation.step.client.DataDrivenScenario">
    <skipped/>
  </testcase> <!-- scenario -->
  <testcase name="afterSuit" classname="com.qmetry.qaf.automation.ui.AbstractTestCase">
    <skipped/>
  </testcase> <!-- afterSuit -->
  <testcase name="setupSuit" classname="com.qmetry.qaf.automation.ui.AbstractTestCase">
    <skipped/>
  </testcase> <!-- setupSuit -->
  <testcase name="setupTest" classname="com.qmetry.qaf.automation.ui.AbstractTestCase">
    <skipped/>
  </testcase> <!-- setupTest -->
  <testcase name="afterTest" classname="com.qmetry.qaf.automation.ui.AbstractTestCase">
    <skipped/>
  </testcase> <!-- afterTest -->
</testsuite> <!-- com.qmetry.qaf.automation.step.client.Scenario -->
